<?xml version="1.0" encoding="UTF-8"?>
<testng-results ignored="0" total="2" passed="2" failed="0" skipped="0">
  <reporter-output>
  </reporter-output>
  <suite started-at="2026-04-21T15:49:14 IST" name="DemoSuite" finished-at="2026-04-21T15:49:22 IST" duration-ms="7229">
    <groups>
    </groups>
    <test started-at="2026-04-21T15:49:14 IST" name="GoogleTests" finished-at="2026-04-21T15:49:22 IST" duration-ms="7229">
      <class name="GoogleTest">
        <test-method signature="verifyGoogleTitle()[pri:0, instance:GoogleTest@57a3af25]" started-at="2026-04-21T15:49:14 IST" name="verifyGoogleTitle" finished-at="2026-04-21T15:49:20 IST" duration-ms="5187" status="PASS">
          <reporter-output>
          </reporter-output>
        </test-method> <!-- verifyGoogleTitle -->
      </class> <!-- GoogleTest -->
      <class name="GoogelTestAssert">
        <test-method signature="checkGoogleTitleWithAssert()[pri:0, instance:GoogelTestAssert@4ec4f3a0]" started-at="2026-04-21T15:49:20 IST" name="checkGoogleTitleWithAssert" finished-at="2026-04-21T15:49:22 IST" duration-ms="2002" status="PASS">
          <reporter-output>
          </reporter-output>
        </test-method> <!-- checkGoogleTitleWithAssert -->
      </class> <!-- GoogelTestAssert -->
    </test> <!-- GoogleTests -->
  </suite> <!-- DemoSuite -->
</testng-results>
